<?xml version='1.0' encoding='UTF-8'?>
<testsuite tests="4" name="controllers.TypeTest" hostname="dgep-ln-107624" failures="0" time="2.859" errors="0">
                     <properties>
[...]
</properties>
                     <testcase name="controllers.TypeTest.addType" time="0.0" classname="controllers.TypeTest">
                                                 
                                               </testcase><testcase name="controllers.TypeTest.loadedFixtures" time="0.0" classname="controllers.TypeTest">
                                                 
                                               </testcase><testcase name="controllers.TypeTest.detailType" time="0.0" classname="controllers.TypeTest">
                                                 
                                               </testcase><testcase name="controllers.TypeTest.deleteType" time="0.0" classname="controllers.TypeTest">
                                                 
                                               </testcase>
                     <system-out></system-out>
                     <system-err></system-err>
                   </testsuite>